2024-07-03 10:39:31 [scrapy.utils.log] INFO: Scrapy 2.11.2 started (bot: Scrapy_Demo5)
2024-07-03 10:39:31 [scrapy.utils.log] INFO: Versions: lxml 5.2.1.0, libxml2 2.11.7, cssselect 1.2.0, parsel 1.9.1, w3lib 2.2.0, Twisted 24.3.0, Python 3.11.5 (tags/v3.11.5:cce6ba9, Aug 24 2023, 14:38:34) [MSC v.1936 64 bit (AMD64)], pyOpenSSL 24.1.0 (OpenSSL 3.2.2 4 Jun 2024), cryptography 42.0.8, Platform Windows-10-10.0.22631-SP0
2024-07-03 10:39:31 [scrapy.addons] INFO: Enabled addons:
[]
2024-07-03 10:39:31 [asyncio] DEBUG: Using selector: SelectSelector
2024-07-03 10:39:31 [scrapy.utils.log] DEBUG: Using reactor: twisted.internet.asyncioreactor.AsyncioSelectorReactor
2024-07-03 10:39:31 [scrapy.utils.log] DEBUG: Using asyncio event loop: asyncio.windows_events._WindowsSelectorEventLoop
2024-07-03 10:39:31 [scrapy.extensions.telnet] INFO: Telnet Password: 05f78429cdb6b287
2024-07-03 10:39:31 [scrapy.middleware] INFO: Enabled extensions:
['scrapy.extensions.corestats.CoreStats',
 'scrapy.extensions.telnet.TelnetConsole',
 'scrapy.extensions.logstats.LogStats']
2024-07-03 10:39:31 [scrapy.crawler] INFO: Overridden settings:
{'BOT_NAME': 'Scrapy_Demo5',
 'FEED_EXPORT_ENCODING': 'utf-8',
 'LOG_FILE': 'LogDemo.log',
 'NEWSPIDER_MODULE': 'Scrapy_Demo5.spiders',
 'REQUEST_FINGERPRINTER_IMPLEMENTATION': '2.7',
 'SPIDER_MODULES': ['Scrapy_Demo5.spiders'],
 'TWISTED_REACTOR': 'twisted.internet.asyncioreactor.AsyncioSelectorReactor'}
2024-07-03 10:39:32 [scrapy.middleware] INFO: Enabled downloader middlewares:
['scrapy.downloadermiddlewares.offsite.OffsiteMiddleware',
 'scrapy.downloadermiddlewares.httpauth.HttpAuthMiddleware',
 'scrapy.downloadermiddlewares.downloadtimeout.DownloadTimeoutMiddleware',
 'scrapy.downloadermiddlewares.defaultheaders.DefaultHeadersMiddleware',
 'scrapy.downloadermiddlewares.useragent.UserAgentMiddleware',
 'scrapy.downloadermiddlewares.retry.RetryMiddleware',
 'scrapy.downloadermiddlewares.redirect.MetaRefreshMiddleware',
 'scrapy.downloadermiddlewares.httpcompression.HttpCompressionMiddleware',
 'scrapy.downloadermiddlewares.redirect.RedirectMiddleware',
 'scrapy.downloadermiddlewares.cookies.CookiesMiddleware',
 'scrapy.downloadermiddlewares.httpproxy.HttpProxyMiddleware',
 'scrapy.downloadermiddlewares.stats.DownloaderStats']
2024-07-03 10:39:32 [scrapy.middleware] INFO: Enabled spider middlewares:
['scrapy.spidermiddlewares.httperror.HttpErrorMiddleware',
 'scrapy.spidermiddlewares.referer.RefererMiddleware',
 'scrapy.spidermiddlewares.urllength.UrlLengthMiddleware',
 'scrapy.spidermiddlewares.depth.DepthMiddleware']
2024-07-03 10:39:32 [scrapy.middleware] INFO: Enabled item pipelines:
[]
2024-07-03 10:39:32 [scrapy.core.engine] INFO: Spider opened
2024-07-03 10:39:32 [scrapy.extensions.logstats] INFO: Crawled 0 pages (at 0 pages/min), scraped 0 items (at 0 items/min)
2024-07-03 10:39:32 [scrapy.extensions.telnet] INFO: Telnet console listening on 127.0.0.1:6023
2024-07-03 10:39:32 [scrapy.core.engine] DEBUG: Crawled (200) <GET https://www.baidu.com> (referer: None)
2024-07-03 10:39:32 [scrapy.core.engine] INFO: Closing spider (finished)
2024-07-03 10:39:32 [scrapy.statscollectors] INFO: Dumping Scrapy stats:
{'downloader/request_bytes': 214,
 'downloader/request_count': 1,
 'downloader/request_method_count/GET': 1,
 'downloader/response_bytes': 1511,
 'downloader/response_count': 1,
 'downloader/response_status_count/200': 1,
 'elapsed_time_seconds': 0.286074,
 'finish_reason': 'finished',
 'finish_time': datetime.datetime(2024, 7, 3, 2, 39, 32, 310311, tzinfo=datetime.timezone.utc),
 'httpcompression/response_bytes': 2443,
 'httpcompression/response_count': 1,
 'log_count/DEBUG': 4,
 'log_count/INFO': 10,
 'response_received_count': 1,
 'scheduler/dequeued': 1,
 'scheduler/dequeued/memory': 1,
 'scheduler/enqueued': 1,
 'scheduler/enqueued/memory': 1,
 'start_time': datetime.datetime(2024, 7, 3, 2, 39, 32, 24237, tzinfo=datetime.timezone.utc)}
2024-07-03 10:39:32 [scrapy.core.engine] INFO: Spider closed (finished)
